# JRE version: Java(TM) SE Runtime Environment 18.9 (11.0.11+9) (build 11.0.11+9-LTS-194)
# Java VM: Java HotSpot(TM) 64-Bit Server VM 18.9 (11.0.11+9-LTS-194, mixed mode, tiered, compressed oops, g1 gc, windows-amd64)
Heap:
 garbage-first heap   total 65536K, used 7283K [0x00000000e0000000, 0x0000000100000000)
  region size 1024K, 5 young (5120K), 3 survivors (3072K)
 Metaspace       used 18726K, capacity 19164K, committed 19328K, reserved 1077248K
  class space    used 1989K, capacity 2163K, committed 2176K, reserved 1048576K
GC Heap History (6 events):
Event: 1.439 GC heap before
{Heap before GC invocations=0 (full 0):
 garbage-first heap   total 65536K, used 13312K [0x00000000e0000000, 0x0000000100000000)
  region size 1024K, 14 young (14336K), 0 survivors (0K)
 Metaspace       used 12736K, capacity 12915K, committed 12928K, reserved 1060864K
  class space    used 1341K, capacity 1404K, committed 1408K, reserved 1048576K
}
Event: 1.450 GC heap after
{Heap after GC invocations=1 (full 0):
 garbage-first heap   total 65536K, used 3893K [0x00000000e0000000, 0x0000000100000000)
  region size 1024K, 2 young (2048K), 2 survivors (2048K)
 Metaspace       used 12736K, capacity 12915K, committed 12928K, reserved 1060864K
  class space    used 1341K, capacity 1404K, committed 1408K, reserved 1048576K
}
Event: 1.685 GC heap before
{Heap before GC invocations=1 (full 0):
 garbage-first heap   total 65536K, used 7989K [0x00000000e0000000, 0x0000000100000000)
  region size 1024K, 6 young (6144K), 2 survivors (2048K)
 Metaspace       used 14055K, capacity 14363K, committed 14464K, reserved 1062912K
  class space    used 1490K, capacity 1609K, committed 1664K, reserved 1048576K
}
Event: 1.692 GC heap after
{Heap after GC invocations=2 (full 0):
 garbage-first heap   total 65536K, used 4223K [0x00000000e0000000, 0x0000000100000000)
  region size 1024K, 1 young (1024K), 1 survivors (1024K)
 Metaspace       used 14055K, capacity 14363K, committed 14464K, reserved 1062912K
  class space    used 1490K, capacity 1609K, committed 1664K, reserved 1048576K
}
Event: 2.536 GC heap before
{Heap before GC invocations=2 (full 0):
 garbage-first heap   total 65536K, used 16511K [0x00000000e0000000, 0x0000000100000000)
  region size 1024K, 14 young (14336K), 1 survivors (1024K)
 Metaspace       used 18560K, capacity 18971K, committed 19072K, reserved 1077248K
  class space    used 1963K, capacity 2125K, committed 2176K, reserved 1048576K
}
Event: 2.544 GC heap after
{Heap after GC invocations=3 (full 0):
 garbage-first heap   total 65536K, used 6259K [0x00000000e0000000, 0x0000000100000000)
  region size 1024K, 3 young (3072K), 3 survivors (3072K)
 Metaspace       used 18560K, capacity 18971K, committed 19072K, reserved 1077248K
  class space    used 1963K, capacity 2125K, committed 2176K, reserved 1048576K
}

